<?xml version="1.0" encoding="UTF-8"?>
<!-- Generated by org.testng.reporters.JUnitXMLReporter -->
<testsuite ignored="0" hostname="Dhivya" failures="0" tests="14" name="Chrome Test" time="186.051" errors="0" timestamp="2024-07-08T20:28:41 IST">
  <testcase classname="BestBuy_testCases.CreateAccountTest" name="createAccountValidCredentials" time="21.023"/>
  <testcase classname="BestBuy_testCases.CreateAccountTest" name="reader" time="0.0"/>
  <testcase classname="BestBuy_testCases.CreateAccountTest" name="createAccountInvalidCredentials" time="8.936"/>
  <testcase classname="BestBuy_testCases.CreateAccountTest" name="createAccountEmptyCredentials" time="4.663"/>
  <testcase classname="BestBuy_testCases.SignInTest" name="signUpValidCredentials" time="8.148"/>
  <testcase classname="BestBuy_testCases.SignInTest" name="signUpInValidCredentials" time="7.568"/>
  <testcase classname="BestBuy_testCases.SignInTest" name="signUpEmptyCredentials" time="7.045"/>
  <testcase classname="BestBuy_testCases.MenuValidationTest" name="topLinkVerification" time="0.405"/>
  <testcase classname="BestBuy_testCases.MenuValidationTest" name="bottomLinkVerification" time="0.542"/>
  <testcase classname="BestBuy_testCases.SearchItemTest" name="searchAddToshoppingCart" time="28.573"/>
  <testcase classname="BestBuy_testCases.ShopByBrandTest" name="shopByBrands" time="27.117"/>
  <testcase classname="BestBuy_testCases.ShopByDepartmentTest" name="shopByDepartment" time="21.802"/>
  <testcase classname="BestBuy_testCases.CheckoutAndPaymentProcessTest" name="checkoutLoginProcess" time="4.682"/>
  <testcase classname="BestBuy_testCases.CheckoutAndPaymentProcessTest" name="paymentInformation" time="28.303"/>
</testsuite> <!-- Chrome Test -->
